<?xml version="1.0" encoding="UTF-8"?>
<testng-results skipped="0" failed="0" ignored="0" total="1" passed="1">
  <reporter-output>
  </reporter-output>
  <suite name="Default suite" duration-ms="18145" started-at="2019-03-10T17:49:23Z" finished-at="2019-03-10T17:49:41Z">
    <groups>
    </groups>
    <test name="Default test" duration-ms="18145" started-at="2019-03-10T17:49:23Z" finished-at="2019-03-10T17:49:41Z">
      <class name="com.EdmodoTeacher.test.EdmodoTeacherPageTest">
        <test-method status="PASS" signature="open()[pri:0, instance:com.EdmodoTeacher.test.EdmodoTeacherPageTest@77caeb3e]" name="open" is-config="true" duration-ms="11341" started-at="2019-03-10T17:49:23Z" finished-at="2019-03-10T17:49:34Z">
          <reporter-output>
          </reporter-output>
        </test-method> <!-- open -->
        <test-method status="PASS" signature="login()[pri:0, instance:com.EdmodoTeacher.test.EdmodoTeacherPageTest@77caeb3e]" name="login" duration-ms="6723" started-at="2019-03-10T17:49:34Z" finished-at="2019-03-10T17:49:41Z">
          <reporter-output>
          </reporter-output>
        </test-method> <!-- login -->
        <test-method status="PASS" signature="close()[pri:0, instance:com.EdmodoTeacher.test.EdmodoTeacherPageTest@77caeb3e]" name="close" is-config="true" duration-ms="23" started-at="2019-03-10T17:49:41Z" finished-at="2019-03-10T17:49:41Z">
          <reporter-output>
          </reporter-output>
        </test-method> <!-- close -->
      </class> <!-- com.EdmodoTeacher.test.EdmodoTeacherPageTest -->
    </test> <!-- Default test -->
  </suite> <!-- Default suite -->
</testng-results>
